13745
124848 31212
epoch  0 :
train_loss:  0.005019722136643916
train_acc:  63624 / 124848  =  0.5096116878123799
- - - - - - - - - - - - - - - - - -
valid_loss:  0.004825929422554535
valid_acc:  15854 / 31212  =  0.5079456619249006
-----------------------------------
epoch  1 :
train_loss:  0.004485402793822709
train_acc:  67334 / 124848  =  0.5393278226323209
- - - - - - - - - - - - - - - - - -
valid_loss:  0.004136430874216729
valid_acc:  17941 / 31212  =  0.5748109701396898
-----------------------------------
epoch  2 :
train_loss:  0.0037335526299838695
train_acc:  76936 / 124848  =  0.6162373446110471
- - - - - - - - - - - - - - - - - -
valid_loss:  0.0036896253306636837
valid_acc:  19288 / 31212  =  0.6179674484172754
-----------------------------------
epoch  3 :
train_loss:  0.003315117556755014
train_acc:  81419 / 124848  =  0.6521450083301294
- - - - - - - - - - - - - - - - - -
valid_loss:  0.003541638322034188
valid_acc:  19678 / 31212  =  0.6304626425733693
-----------------------------------
epoch  4 :
train_loss:  0.0031088614449865555
train_acc:  83842 / 124848  =  0.6715526079712931
- - - - - - - - - - - - - - - - - -
valid_loss:  0.0034920253975795016
valid_acc:  19975 / 31212  =  0.6399782135076253
-----------------------------------
epoch  5 :
train_loss:  0.00295392174847108
train_acc:  85709 / 124848  =  0.6865067922593874
- - - - - - - - - - - - - - - - - -
valid_loss:  0.003459099781875288
valid_acc:  20160 / 31212  =  0.6459054209919262
-----------------------------------
epoch  6 :
train_loss:  0.0028382514765877367
train_acc:  87432 / 124848  =  0.7003075740099961
- - - - - - - - - - - - - - - - - -
valid_loss:  0.0034655475695133517
valid_acc:  20145 / 31212  =  0.6454248366013072
-----------------------------------
epoch  7 :
train_loss:  0.0027543085215604416
train_acc:  88373 / 124848  =  0.7078447392028707
- - - - - - - - - - - - - - - - - -
valid_loss:  0.0034646796642412484
valid_acc:  20207 / 31212  =  0.6474112520825324
-----------------------------------
epoch  8 :
train_loss:  0.0026870358720523005
train_acc:  89233 / 124848  =  0.7147331154684096
- - - - - - - - - - - - - - - - - -
valid_loss:  0.0034443037671552748
valid_acc:  20232 / 31212  =  0.6482122260668973
-----------------------------------
epoch  9 :
train_loss:  0.002632686287053927
train_acc:  90119 / 124848  =  0.7218297449698834
- - - - - - - - - - - - - - - - - -
valid_loss:  0.0034764617448523457
valid_acc:  20269 / 31212  =  0.6493976675637575
-----------------------------------
epoch  10 :
train_loss:  0.002596724232247926
train_acc:  90352 / 124848  =  0.7236960143534538
- - - - - - - - - - - - - - - - - -
valid_loss:  0.003470196290671879
valid_acc:  20364 / 31212  =  0.6524413687043444
-----------------------------------
epoch  11 :
train_loss:  0.002536393197160966
train_acc:  91530 / 124848  =  0.7331314878892734
- - - - - - - - - - - - - - - - - -
valid_loss:  0.003486133593405636
valid_acc:  20347 / 31212  =  0.6518967063949763
-----------------------------------
epoch  12 :
train_loss:  0.0025161568628745586
train_acc:  91632 / 124848  =  0.7339484813533257
- - - - - - - - - - - - - - - - - -
valid_loss:  0.0035340775190584634
valid_acc:  20235 / 31212  =  0.6483083429450212
-----------------------------------
epoch  13 :
train_loss:  0.0024757026338442065
train_acc:  92337 / 124848  =  0.7395953479430988
- - - - - - - - - - - - - - - - - -
valid_loss:  0.003524502926219293
valid_acc:  20291 / 31212  =  0.6501025246699987
-----------------------------------
epoch  14 :
train_loss:  0.0024376610778802086
train_acc:  92655 / 124848  =  0.7421424452133795
- - - - - - - - - - - - - - - - - -
valid_loss:  0.0035107175684824642
valid_acc:  20234 / 31212  =  0.6482763039856465
-----------------------------------
epoch  15 :
train_loss:  0.0024254209464973295
train_acc:  92874 / 124848  =  0.7438965782391388
- - - - - - - - - - - - - - - - - -
valid_loss:  0.0035459585397133197
valid_acc:  20179 / 31212  =  0.6465141612200436
-----------------------------------
epoch  16 :
train_loss:  0.0023969873083213742
train_acc:  93264 / 124848  =  0.7470203767781622
- - - - - - - - - - - - - - - - - -
valid_loss:  0.0035528838348040347
valid_acc:  20289 / 31212  =  0.6500384467512496
-----------------------------------
epoch  17 :
train_loss:  0.002378015208086585
train_acc:  93562 / 124848  =  0.7494072792515699
- - - - - - - - - - - - - - - - - -
valid_loss:  0.00354348916159858
valid_acc:  20193 / 31212  =  0.646962706651288
-----------------------------------
epoch  18 :
train_loss:  0.002370590810985897
train_acc:  93624 / 124848  =  0.7499038831218762
- - - - - - - - - - - - - - - - - -
valid_loss:  0.0036194133430845414
valid_acc:  20230 / 31212  =  0.6481481481481481
-----------------------------------
epoch  19 :
train_loss:  0.0023568791660642406
train_acc:  93697 / 124848  =  0.7504885941304626
- - - - - - - - - - - - - - - - - -
valid_loss:  0.003616101120307509
valid_acc:  20147 / 31212  =  0.6454889145200564
-----------------------------------
epoch  20 :
train_loss:  0.0023473269058701535
train_acc:  93816 / 124848  =  0.751441753171857
- - - - - - - - - - - - - - - - - -
valid_loss:  0.0035731529125445595
valid_acc:  20341 / 31212  =  0.6517044726387287
-----------------------------------
epoch  21 :
train_loss:  0.002326506375359386
train_acc:  94315 / 124848  =  0.7554386133538382
- - - - - - - - - - - - - - - - - -
valid_loss:  0.0036329373910184795
valid_acc:  20153 / 31212  =  0.645681148276304
-----------------------------------
epoch  22 :
train_loss:  0.0023106535428550844
train_acc:  94355 / 124848  =  0.7557590029475842
- - - - - - - - - - - - - - - - - -
valid_loss:  0.003665022558697245
valid_acc:  20037 / 31212  =  0.6419646289888504
-----------------------------------
epoch  23 :
train_loss:  0.0022985179922060677
train_acc:  94537 / 124848  =  0.7572167755991286
- - - - - - - - - - - - - - - - - -
valid_loss:  0.0036261771716904092
valid_acc:  20185 / 31212  =  0.6467063949762911
-----------------------------------
epoch  24 :
train_loss:  0.0022896106533804536
train_acc:  94751 / 124848  =  0.7589308599256697
- - - - - - - - - - - - - - - - - -
valid_loss:  0.0036316585150434773
valid_acc:  20173 / 31212  =  0.646321927463796
-----------------------------------
epoch  25 :
train_loss:  0.002278830581808356
train_acc:  94957 / 124848  =  0.7605808663334614
- - - - - - - - - - - - - - - - - -
valid_loss:  0.003632932129875446
valid_acc:  20011 / 31212  =  0.6411316160451108
-----------------------------------
epoch  26 :
train_loss:  0.0022764274298831557
train_acc:  94923 / 124848  =  0.7603085351787774
- - - - - - - - - - - - - - - - - -
valid_loss:  0.003641080916668839
valid_acc:  20146 / 31212  =  0.6454568755606818
-----------------------------------
epoch  27 :
train_loss:  0.00226974687342703
train_acc:  95078 / 124848  =  0.7615500448545431
- - - - - - - - - - - - - - - - - -
valid_loss:  0.003682436025495577
valid_acc:  19926 / 31212  =  0.6384083044982699
-----------------------------------
epoch  28 :
train_loss:  0.0022592100225399506
train_acc:  95079 / 124848  =  0.7615580545943867
- - - - - - - - - - - - - - - - - -
valid_loss:  0.003668083319843663
valid_acc:  19977 / 31212  =  0.6400422914263745
-----------------------------------
epoch  29 :
train_loss:  0.002254130137342147
train_acc:  95227 / 124848  =  0.7627434960912469
- - - - - - - - - - - - - - - - - -
valid_loss:  0.0036760546523883345
valid_acc:  20015 / 31212  =  0.6412597718826093
-----------------------------------
epoch  30 :
train_loss:  0.0022528255560047335
train_acc:  95291 / 124848  =  0.7632561194412405
- - - - - - - - - - - - - - - - - -
valid_loss:  0.003741608223410336
valid_acc:  20170 / 31212  =  0.6462258105856722
-----------------------------------
epoch  31 :
train_loss:  0.00224077289771968
train_acc:  95429 / 124848  =  0.7643614635396643
- - - - - - - - - - - - - - - - - -
valid_loss:  0.0037409254358958454
valid_acc:  19867 / 31212  =  0.6365180058951685
-----------------------------------
epoch  32 :
train_loss:  0.0022329316949169864
train_acc:  95427 / 124848  =  0.764345444059977
- - - - - - - - - - - - - - - - - -
valid_loss:  0.0037284161621953193
valid_acc:  20052 / 31212  =  0.6424452133794695
-----------------------------------
epoch  33 :
train_loss:  0.0022217231249673296
train_acc:  95525 / 124848  =  0.7651303985646546
- - - - - - - - - - - - - - - - - -
valid_loss:  0.0037175250957825847
valid_acc:  20049 / 31212  =  0.6423490965013456
-----------------------------------
epoch  34 :
train_loss:  0.002224217352195839
train_acc:  95630 / 124848  =  0.7659714212482378
- - - - - - - - - - - - - - - - - -
valid_loss:  0.00366686256278956
valid_acc:  19998 / 31212  =  0.6407151095732411
-----------------------------------
epoch  35 :
train_loss:  0.0022193350732865034
train_acc:  95515 / 124848  =  0.7650503011662181
- - - - - - - - - - - - - - - - - -
valid_loss:  0.0036830045955999684
valid_acc:  20101 / 31212  =  0.6440151223888249
-----------------------------------
epoch  36 :
train_loss:  0.002195143140255679
train_acc:  96004 / 124848  =  0.7689670639497629
- - - - - - - - - - - - - - - - - -
valid_loss:  0.0037317925804657127
valid_acc:  19958 / 31212  =  0.6394335511982571
-----------------------------------
epoch  37 :
train_loss:  0.00221082660286385
train_acc:  95827 / 124848  =  0.7675493399974369
- - - - - - - - - - - - - - - - - -
valid_loss:  0.003757765672993052
valid_acc:  20196 / 31212  =  0.6470588235294118
-----------------------------------
epoch  38 :
train_loss:  0.0022049785222737405
train_acc:  95853 / 124848  =  0.7677575932333718
- - - - - - - - - - - - - - - - - -
valid_loss:  0.0037452989009256837
valid_acc:  19958 / 31212  =  0.6394335511982571
-----------------------------------
epoch  39 :
train_loss:  0.0022073530694788485
train_acc:  95765 / 124848  =  0.7670527361271305
- - - - - - - - - - - - - - - - - -
valid_loss:  0.0037564625155539232
valid_acc:  20190 / 31212  =  0.6468665897731641
-----------------------------------
epoch  40 :
train_loss:  0.0022068634138941597
train_acc:  95691 / 124848  =  0.7664600153787005
- - - - - - - - - - - - - - - - - -
valid_loss:  0.003851447829707653
valid_acc:  19972 / 31212  =  0.6398820966295015
-----------------------------------
epoch  41 :
train_loss:  0.0021938674429277114
train_acc:  95893 / 124848  =  0.7680779828271178
- - - - - - - - - - - - - - - - - -
valid_loss:  0.003786341811042252
valid_acc:  19964 / 31212  =  0.6396257849545047
-----------------------------------
epoch  42 :
train_loss:  0.002191369952549235
train_acc:  95970 / 124848  =  0.7686947327950788
- - - - - - - - - - - - - - - - - -
valid_loss:  0.0037983291163347357
valid_acc:  19931 / 31212  =  0.6385684992951429
-----------------------------------
epoch  43 :
train_loss:  0.0021863007319079717
train_acc:  95958 / 124848  =  0.768598615916955
- - - - - - - - - - - - - - - - - -
valid_loss:  0.003801324874197048
valid_acc:  19908 / 31212  =  0.6378316032295271
-----------------------------------
epoch  44 :
train_loss:  0.002169648801479892
train_acc:  96169 / 124848  =  0.7702886710239651
- - - - - - - - - - - - - - - - - -
valid_loss:  0.003794165241493715
valid_acc:  19854 / 31212  =  0.6361014994232987
-----------------------------------
epoch  45 :
train_loss:  0.0021553711177224794
train_acc:  96451 / 124848  =  0.7725474176598744
- - - - - - - - - - - - - - - - - -
valid_loss:  0.0037924095321798515
valid_acc:  20020 / 31212  =  0.6414199666794822
-----------------------------------
epoch  46 :
train_loss:  0.0021622376064108105
train_acc:  96310 / 124848  =  0.7714180443419197
- - - - - - - - - - - - - - - - - -
valid_loss:  0.003776198210784079
valid_acc:  19877 / 31212  =  0.6368383954889145
-----------------------------------
epoch  47 :
train_loss:  0.0021630154633050726
train_acc:  96097 / 124848  =  0.7697119697552224
- - - - - - - - - - - - - - - - - -
valid_loss:  0.0038627065402123462
valid_acc:  20046 / 31212  =  0.6422529796232218
-----------------------------------
epoch  48 :
train_loss:  0.002150660048677083
train_acc:  96421 / 124848  =  0.7723071254645649
- - - - - - - - - - - - - - - - - -
valid_loss:  0.0038115040859961593
valid_acc:  19770 / 31212  =  0.6334102268358324
-----------------------------------
epoch  49 :
train_loss:  0.0021647409382335317
train_acc:  96355 / 124848  =  0.771778482634884
- - - - - - - - - - - - - - - - - -
valid_loss:  0.00379298978183081
valid_acc:  19888 / 31212  =  0.6371908240420351
-----------------------------------
epoch  50 :
train_loss:  0.002154968281023612
train_acc:  96529 / 124848  =  0.7731721773676791
- - - - - - - - - - - - - - - - - -
valid_loss:  0.0038151902165853503
valid_acc:  19922 / 31212  =  0.6382801486607715
-----------------------------------
epoch  51 :
train_loss:  0.0021507318990858153
train_acc:  96460 / 124848  =  0.7726195053184672
- - - - - - - - - - - - - - - - - -
valid_loss:  0.003837380165337569
valid_acc:  19918 / 31212  =  0.6381519928232731
-----------------------------------
epoch  52 :
train_loss:  0.00215012582089868
train_acc:  96533 / 124848  =  0.7732042163270537
- - - - - - - - - - - - - - - - - -
valid_loss:  0.003846770664002671
valid_acc:  19835 / 31212  =  0.6354927591951813
-----------------------------------
epoch  53 :
train_loss:  0.0021488599781881276
train_acc:  96463 / 124848  =  0.7726435345379982
- - - - - - - - - - - - - - - - - -
valid_loss:  0.0038224880044221664
valid_acc:  20048 / 31212  =  0.642317057541971
-----------------------------------
epoch  54 :
train_loss:  0.0021549919461414904
train_acc:  96445 / 124848  =  0.7724993592208125
- - - - - - - - - - - - - - - - - -
valid_loss:  0.0038010434250059792
valid_acc:  19970 / 31212  =  0.6398180187107523
-----------------------------------
epoch  55 :
train_loss:  0.002161785379657528
train_acc:  96326 / 124848  =  0.7715462001794182
- - - - - - - - - - - - - - - - - -
valid_loss:  0.0038463983163915506
valid_acc:  19933 / 31212  =  0.6386325772138921
-----------------------------------
epoch  56 :
train_loss:  0.002146348951346948
train_acc:  96524 / 124848  =  0.7731321286684608
- - - - - - - - - - - - - - - - - -
valid_loss:  0.0038182566551830345
valid_acc:  19825 / 31212  =  0.6351723696014353
-----------------------------------
epoch  57 :
train_loss:  0.002146942748679926
train_acc:  96425 / 124848  =  0.7723391644239395
- - - - - - - - - - - - - - - - - -
valid_loss:  0.0038986910685016515
valid_acc:  19969 / 31212  =  0.6397859797513776
-----------------------------------
epoch  58 :
train_loss:  0.0021477840897151787
train_acc:  96550 / 124848  =  0.7733403819043957
- - - - - - - - - - - - - - - - - -
valid_loss:  0.0038511909866247454
valid_acc:  19750 / 31212  =  0.6327694476483404
-----------------------------------
epoch  59 :
train_loss:  0.002160372959926589
train_acc:  96297 / 124848  =  0.7713139177239523
- - - - - - - - - - - - - - - - - -
valid_loss:  0.0039001360247261354
valid_acc:  19961 / 31212  =  0.6395296680763809
-----------------------------------
epoch  60 :
train_loss:  0.0021530063802575232
train_acc:  96389 / 124848  =  0.7720508137895681
- - - - - - - - - - - - - - - - - -
valid_loss:  0.003880152513426908
valid_acc:  19893 / 31212  =  0.6373510188389081
-----------------------------------
epoch  61 :
train_loss:  0.0021515437378557037
train_acc:  96426 / 124848  =  0.7723471741637832
- - - - - - - - - - - - - - - - - -
valid_loss:  0.0038712806183299115
valid_acc:  19984 / 31212  =  0.6402665641419967
-----------------------------------
epoch  62 :
train_loss:  0.002142050225580333
train_acc:  96512 / 124848  =  0.7730360117903371
- - - - - - - - - - - - - - - - - -
valid_loss:  0.0038338766183728485
valid_acc:  19918 / 31212  =  0.6381519928232731
-----------------------------------
epoch  63 :
train_loss:  0.0021368017431869423
train_acc:  96491 / 124848  =  0.7728678072536204
- - - - - - - - - - - - - - - - - -
valid_loss:  0.003886362373271264
valid_acc:  19973 / 31212  =  0.6399141355888761
-----------------------------------
epoch  64 :
train_loss:  0.002145178546105213
train_acc:  96622 / 124848  =  0.7739170831731386
- - - - - - - - - - - - - - - - - -
valid_loss:  0.0038844721734821682
valid_acc:  19910 / 31212  =  0.6378956811482763
-----------------------------------
epoch  65 :
train_loss:  0.002398080688901365
train_acc:  93381 / 124848  =  0.7479575163398693
- - - - - - - - - - - - - - - - - -
valid_loss:  0.0037434735669243965
valid_acc:  19661 / 31212  =  0.629917980264001
-----------------------------------
epoch  66 :
train_loss:  0.002336220081748068
train_acc:  94106 / 124848  =  0.7537645777265154
- - - - - - - - - - - - - - - - - -
valid_loss:  0.003810335715031236
valid_acc:  19898 / 31212  =  0.6375112136357811
-----------------------------------
epoch  67 :
train_loss:  0.002261707901775142
train_acc:  95224 / 124848  =  0.762719466871716
- - - - - - - - - - - - - - - - - -
valid_loss:  0.003802507384364519
valid_acc:  19926 / 31212  =  0.6384083044982699
-----------------------------------
epoch  68 :
train_loss:  0.0022445583283255744
train_acc:  95393 / 124848  =  0.7640731129052928
- - - - - - - - - - - - - - - - - -
valid_loss:  0.003859099143440259
valid_acc:  19692 / 31212  =  0.6309111880046137
-----------------------------------
epoch  69 :
train_loss:  0.002224139474149959
train_acc:  95496 / 124848  =  0.7648981161091888
- - - - - - - - - - - - - - - - - -
valid_loss:  0.0038480909550081504
valid_acc:  19896 / 31212  =  0.6374471357170319
-----------------------------------
epoch  70 :
train_loss:  0.002211546575249303
train_acc:  95969 / 124848  =  0.7686867230552351
- - - - - - - - - - - - - - - - - -
valid_loss:  0.00389853031432401
valid_acc:  19667 / 31212  =  0.6301102140202486
-----------------------------------
epoch  71 :
train_loss:  0.002213896040360805
train_acc:  95782 / 124848  =  0.7671889017044726
- - - - - - - - - - - - - - - - - -
valid_loss:  0.0037908707691066985
valid_acc:  19794 / 31212  =  0.6341791618608228
-----------------------------------
epoch  72 :
train_loss:  0.0022110610326180834
train_acc:  95832 / 124848  =  0.7675893886966552
- - - - - - - - - - - - - - - - - -
valid_loss:  0.003895339153217197
valid_acc:  19820 / 31212  =  0.6350121748045624
-----------------------------------
epoch  73 :
train_loss:  0.002195139901454015
train_acc:  96023 / 124848  =  0.7691192490067923
- - - - - - - - - - - - - - - - - -
valid_loss:  0.003835133090090113
valid_acc:  19862 / 31212  =  0.6363578110982955
-----------------------------------
epoch  74 :
train_loss:  0.0021989493698023016
train_acc:  95816 / 124848  =  0.7674612328591567
- - - - - - - - - - - - - - - - - -
valid_loss:  0.00381550798198588
valid_acc:  19731 / 31212  =  0.632160707420223
-----------------------------------
epoch  75 :
train_loss:  0.0021924938033589733
train_acc:  95946 / 124848  =  0.7685024990388312
- - - - - - - - - - - - - - - - - -
valid_loss:  0.0037895021214174123
valid_acc:  19802 / 31212  =  0.6344354735358195
-----------------------------------
epoch  76 :
train_loss:  0.0021645149580564282
train_acc:  96316 / 124848  =  0.7714661027809817
- - - - - - - - - - - - - - - - - -
valid_loss:  0.003858400477013129
valid_acc:  19816 / 31212  =  0.6348840189670639
-----------------------------------
epoch  77 :
train_loss:  0.0021608310410143948
train_acc:  96575 / 124848  =  0.773540625400487
- - - - - - - - - - - - - - - - - -
valid_loss:  0.0038170795971256763
valid_acc:  19938 / 31212  =  0.6387927720107651
-----------------------------------
epoch  78 :
train_loss:  0.0021655767049397413
train_acc:  96300 / 124848  =  0.7713379469434832
- - - - - - - - - - - - - - - - - -
valid_loss:  0.003926904884711391
valid_acc:  20077 / 31212  =  0.6432461873638344
-----------------------------------
epoch  79 :
train_loss:  0.002157358145220729
train_acc:  96513 / 124848  =  0.7730440215301807
- - - - - - - - - - - - - - - - - -
valid_loss:  0.0038694048136392496
valid_acc:  19854 / 31212  =  0.6361014994232987
-----------------------------------
epoch  80 :
train_loss:  0.002156471690361383
train_acc:  96409 / 124848  =  0.7722110085864411
- - - - - - - - - - - - - - - - - -
valid_loss:  0.0038643838097984083
valid_acc:  19909 / 31212  =  0.6378636421889017
-----------------------------------
epoch  81 :
train_loss:  0.0021674513497441056
train_acc:  96278 / 124848  =  0.771161732666923
- - - - - - - - - - - - - - - - - -
valid_loss:  0.003858456495296156
valid_acc:  19787 / 31212  =  0.6339548891452006
-----------------------------------
epoch  82 :
train_loss:  0.002167373530181894
train_acc:  96398 / 124848  =  0.772122901448161
- - - - - - - - - - - - - - - - - -
valid_loss:  0.0038742737389368597
valid_acc:  19867 / 31212  =  0.6365180058951685
-----------------------------------
epoch  83 :
train_loss:  0.002154645110538613
train_acc:  96725 / 124848  =  0.7747420863770345
- - - - - - - - - - - - - - - - - -
valid_loss:  0.003912177896951844
valid_acc:  19857 / 31212  =  0.6361976163014226
-----------------------------------
epoch  84 :
train_loss:  0.002151461200690508
train_acc:  96684 / 124848  =  0.7744136870434448
- - - - - - - - - - - - - - - - - -
valid_loss:  0.003938845305676248
valid_acc:  19958 / 31212  =  0.6394335511982571
-----------------------------------
epoch  85 :
train_loss:  0.0021487345051783777
train_acc:  96706 / 124848  =  0.7745899013200052
- - - - - - - - - - - - - - - - - -
valid_loss:  0.0038640116607930497
valid_acc:  19856 / 31212  =  0.6361655773420479
-----------------------------------
epoch  86 :
train_loss:  0.0021525859280391397
train_acc:  96715 / 124848  =  0.774661988978598
- - - - - - - - - - - - - - - - - -
valid_loss:  0.0038415646913585394
valid_acc:  19846 / 31212  =  0.6358451877483019
-----------------------------------
epoch  87 :
train_loss:  0.0021466039172234664
train_acc:  96702 / 124848  =  0.7745578623606305
- - - - - - - - - - - - - - - - - -
valid_loss:  0.003945364620033845
valid_acc:  19932 / 31212  =  0.6386005382545175
-----------------------------------
epoch  88 :
train_loss:  0.0021576149820972065
train_acc:  96459 / 124848  =  0.7726114955786236
- - - - - - - - - - - - - - - - - -
valid_loss:  0.003936561830193816
valid_acc:  19861 / 31212  =  0.6363257721389209
-----------------------------------
epoch  89 :
train_loss:  0.002165286942235586
train_acc:  96357 / 124848  =  0.7717945021145713
- - - - - - - - - - - - - - - - - -
valid_loss:  0.003888106609283006
valid_acc:  19995 / 31212  =  0.6406189926951172
-----------------------------------
epoch  90 :
train_loss:  0.002147249016191323
train_acc:  96596 / 124848  =  0.7737088299372037
- - - - - - - - - - - - - - - - - -
valid_loss:  0.003883461054358653
valid_acc:  19919 / 31212  =  0.6381840317826477
-----------------------------------
epoch  91 :
train_loss:  0.0021606724220874078
train_acc:  96461 / 124848  =  0.772627515058311
- - - - - - - - - - - - - - - - - -
valid_loss:  0.0039014620275569546
valid_acc:  19793 / 31212  =  0.6341471229014481
-----------------------------------
epoch  92 :
train_loss:  0.0021474202742744497
train_acc:  96486 / 124848  =  0.7728277585544021
- - - - - - - - - - - - - - - - - -
valid_loss:  0.0039036961819718286
valid_acc:  19889 / 31212  =  0.6372228630014097
-----------------------------------
epoch  93 :
train_loss:  0.0021578137377687833
train_acc:  96540 / 124848  =  0.7732602845059593
- - - - - - - - - - - - - - - - - -
valid_loss:  0.0038902528806480097
valid_acc:  20009 / 31212  =  0.6410675381263616
-----------------------------------
epoch  94 :
train_loss:  0.00215682553851412
train_acc:  96504 / 124848  =  0.7729719338715878
- - - - - - - - - - - - - - - - - -
valid_loss:  0.003915952067183911
valid_acc:  19977 / 31212  =  0.6400422914263745
-----------------------------------
epoch  95 :
train_loss:  0.0021629068366949273
train_acc:  96376 / 124848  =  0.7719466871716006
- - - - - - - - - - - - - - - - - -
valid_loss:  0.0039056055414879855
valid_acc:  19943 / 31212  =  0.6389529668076381
-----------------------------------
epoch  96 :
train_loss:  0.002169754583635392
train_acc:  96389 / 124848  =  0.7720508137895681
- - - - - - - - - - - - - - - - - -
valid_loss:  0.003894259686976018
valid_acc:  19916 / 31212  =  0.6380879149045239
-----------------------------------
epoch  97 :
train_loss:  0.0021658309551671304
train_acc:  96361 / 124848  =  0.7718265410739459
- - - - - - - - - - - - - - - - - -
valid_loss:  0.0038779202323990817
valid_acc:  19917 / 31212  =  0.6381199538638985
-----------------------------------
epoch  98 :
train_loss:  0.002153606189472865
train_acc:  96298 / 124848  =  0.771321927463796
- - - - - - - - - - - - - - - - - -
valid_loss:  0.003910247502411908
valid_acc:  19824 / 31212  =  0.6351403306420608
-----------------------------------
epoch  99 :
train_loss:  0.002159548645754831
train_acc:  96439 / 124848  =  0.7724513007817506
- - - - - - - - - - - - - - - - - -
valid_loss:  0.003921795289332815
valid_acc:  19901 / 31212  =  0.637607330513905
-----------------------------------
