13745
124848 31212
epoch  0 :
train_loss:  0.004855985417016788
train_acc:  64741 / 124848  =  0.5185585672177367
- - - - - - - - - - - - - - - - - -
valid_loss:  0.004376245991749503
valid_acc:  16936 / 31212  =  0.5426118159682174
-----------------------------------
epoch  1 :
train_loss:  0.0038400495757388103
train_acc:  74398 / 124848  =  0.5959086248878637
- - - - - - - - - - - - - - - - - -
valid_loss:  0.0035666128858975474
valid_acc:  19411 / 31212  =  0.6219082404203512
-----------------------------------
epoch  2 :
train_loss:  0.003376333464300359
train_acc:  80083 / 124848  =  0.6414439958990132
- - - - - - - - - - - - - - - - - -
valid_loss:  0.003377541976067923
valid_acc:  20098 / 31212  =  0.643919005510701
-----------------------------------
epoch  3 :
train_loss:  0.0031375267011652113
train_acc:  83245 / 124848  =  0.6667707932846341
- - - - - - - - - - - - - - - - - -
valid_loss:  0.0033059068674401383
valid_acc:  20395 / 31212  =  0.6534345764449571
-----------------------------------
epoch  4 :
train_loss:  0.0029788711404863054
train_acc:  85270 / 124848  =  0.6829905164680251
- - - - - - - - - - - - - - - - - -
valid_loss:  0.003282968870083766
valid_acc:  20418 / 31212  =  0.6541714725105728
-----------------------------------
epoch  5 :
train_loss:  0.002858524351708632
train_acc:  86779 / 124848  =  0.6950772138920928
- - - - - - - - - - - - - - - - - -
valid_loss:  0.003278978981529308
valid_acc:  20528 / 31212  =  0.6576957580417788
-----------------------------------
epoch  6 :
train_loss:  0.00276390276825399
train_acc:  88146 / 124848  =  0.7060265282583622
- - - - - - - - - - - - - - - - - -
valid_loss:  0.003303985224921444
valid_acc:  20567 / 31212  =  0.6589452774573882
-----------------------------------
epoch  7 :
train_loss:  0.00286307121054967
train_acc:  86831 / 124848  =  0.6954937203639626
- - - - - - - - - - - - - - - - - -
valid_loss:  0.003301524073668478
valid_acc:  20463 / 31212  =  0.6556132256824299
-----------------------------------
epoch  8 :
train_loss:  0.002687509907723451
train_acc:  89219 / 124848  =  0.7146209791105985
- - - - - - - - - - - - - - - - - -
valid_loss:  0.003298722084372468
valid_acc:  20565 / 31212  =  0.658881199538639
-----------------------------------
epoch  9 :
train_loss:  0.002597527001036385
train_acc:  90419 / 124848  =  0.7242326669229784
- - - - - - - - - - - - - - - - - -
valid_loss:  0.0033685458492471914
valid_acc:  20395 / 31212  =  0.6534345764449571
-----------------------------------
epoch  10 :
train_loss:  0.002541997564132284
train_acc:  90969 / 124848  =  0.7286380238369857
- - - - - - - - - - - - - - - - - -
valid_loss:  0.0033611536721121146
valid_acc:  20529 / 31212  =  0.6577277970011534
-----------------------------------
epoch  11 :
train_loss:  0.0025015248695402044
train_acc:  91682 / 124848  =  0.7343489683455081
- - - - - - - - - - - - - - - - - -
valid_loss:  0.003357608517240167
valid_acc:  20629 / 31212  =  0.6609316929386133
-----------------------------------
epoch  12 :
train_loss:  0.0026056190037687635
train_acc:  90407 / 124848  =  0.7241365500448546
- - - - - - - - - - - - - - - - - -
valid_loss:  0.003356721702407877
valid_acc:  20481 / 31212  =  0.6561899269511726
-----------------------------------
epoch  13 :
train_loss:  0.002508545939156631
train_acc:  91555 / 124848  =  0.7333317313853646
- - - - - - - - - - - - - - - - - -
valid_loss:  0.003384635264898254
valid_acc:  20561 / 31212  =  0.6587530437011406
-----------------------------------
epoch  14 :
train_loss:  0.0024259021007050677
train_acc:  92719 / 124848  =  0.742655068563373
- - - - - - - - - - - - - - - - - -
valid_loss:  0.003443190234296829
valid_acc:  20281 / 31212  =  0.6497821350762527
-----------------------------------
epoch  15 :
train_loss:  0.0023965482485094973
train_acc:  92981 / 124848  =  0.7447536204024093
- - - - - - - - - - - - - - - - - -
valid_loss:  0.0034374973032392938
valid_acc:  20311 / 31212  =  0.6507433038574907
-----------------------------------
epoch  16 :
train_loss:  0.002370475569753544
train_acc:  93497 / 124848  =  0.7488866461617326
- - - - - - - - - - - - - - - - - -
valid_loss:  0.003442998713413049
valid_acc:  20406 / 31212  =  0.6537870049980776
-----------------------------------
epoch  17 :
train_loss:  0.002355341927385798
train_acc:  93484 / 124848  =  0.7487825195437652
- - - - - - - - - - - - - - - - - -
valid_loss:  0.003474020347234058
valid_acc:  20527 / 31212  =  0.6576637190824042
-----------------------------------
epoch  18 :
train_loss:  0.0023297478068788494
train_acc:  94063 / 124848  =  0.7534201589132385
- - - - - - - - - - - - - - - - - -
valid_loss:  0.0035074159749330625
valid_acc:  20455 / 31212  =  0.655356914007433
-----------------------------------
epoch  19 :
train_loss:  0.002725281823900561
train_acc:  88568 / 124848  =  0.7094066384723824
- - - - - - - - - - - - - - - - - -
valid_loss:  0.0034811398749410778
valid_acc:  20389 / 31212  =  0.6532423426887095
-----------------------------------
epoch  20 :
train_loss:  0.0024593734284704136
train_acc:  92222 / 124848  =  0.7386742278610791
- - - - - - - - - - - - - - - - - -
valid_loss:  0.0034635674261396
valid_acc:  20306 / 31212  =  0.6505831090606177
-----------------------------------
epoch  21 :
train_loss:  0.0023691545683505303
train_acc:  93354 / 124848  =  0.7477412533640907
- - - - - - - - - - - - - - - - - -
valid_loss:  0.0035660525942160415
valid_acc:  20424 / 31212  =  0.6543637062668205
-----------------------------------
epoch  22 :
train_loss:  0.002325197018890156
train_acc:  93974 / 124848  =  0.7527072920671537
- - - - - - - - - - - - - - - - - -
valid_loss:  0.0035170106766056774
valid_acc:  20418 / 31212  =  0.6541714725105728
-----------------------------------
epoch  23 :
train_loss:  0.0023078777396811074
train_acc:  94254 / 124848  =  0.7549500192233757
- - - - - - - - - - - - - - - - - -
valid_loss:  0.0035452190903567447
valid_acc:  20258 / 31212  =  0.6490452390106369
-----------------------------------
epoch  24 :
train_loss:  0.002322745763789946
train_acc:  94009 / 124848  =  0.7529876329616814
- - - - - - - - - - - - - - - - - -
valid_loss:  0.003567205888330058
valid_acc:  20375 / 31212  =  0.6527937972574651
-----------------------------------
epoch  25 :
train_loss:  0.002268787447182197
train_acc:  94733 / 124848  =  0.7587866846084839
- - - - - - - - - - - - - - - - - -
valid_loss:  0.003558165967029042
valid_acc:  20237 / 31212  =  0.6483724208637703
-----------------------------------
epoch  26 :
train_loss:  0.0022430064154980536
train_acc:  95132 / 124848  =  0.7619825708061002
- - - - - - - - - - - - - - - - - -
valid_loss:  0.003628731946463648
valid_acc:  20386 / 31212  =  0.6531462258105857
-----------------------------------
epoch  27 :
train_loss:  0.002236126987596559
train_acc:  95258 / 124848  =  0.7629917980264
- - - - - - - - - - - - - - - - - -
valid_loss:  0.0036049003606726843
valid_acc:  20259 / 31212  =  0.6490772779700116
-----------------------------------
epoch  28 :
train_loss:  0.0022321317109059604
train_acc:  95144 / 124848  =  0.762078687684224
- - - - - - - - - - - - - - - - - -
valid_loss:  0.003680361966421921
valid_acc:  20135 / 31212  =  0.6451044470075612
-----------------------------------
epoch  29 :
train_loss:  0.002260017541873215
train_acc:  94851 / 124848  =  0.7597318339100346
- - - - - - - - - - - - - - - - - -
valid_loss:  0.003549443572419707
valid_acc:  20397 / 31212  =  0.6534986543637062
-----------------------------------
epoch  30 :
train_loss:  0.002252940666185928
train_acc:  94846 / 124848  =  0.7596917852108164
- - - - - - - - - - - - - - - - - -
valid_loss:  0.003590173025353053
valid_acc:  20251 / 31212  =  0.6488209662950147
-----------------------------------
epoch  31 :
train_loss:  0.002276598950546017
train_acc:  94555 / 124848  =  0.7573609509163143
- - - - - - - - - - - - - - - - - -
valid_loss:  0.0036084859394559673
valid_acc:  20280 / 31212  =  0.6497500961168782
-----------------------------------
epoch  32 :
train_loss:  0.0022176486644934464
train_acc:  95314 / 124848  =  0.7634403434576444
- - - - - - - - - - - - - - - - - -
valid_loss:  0.0036742415975702433
valid_acc:  20277 / 31212  =  0.6496539792387543
-----------------------------------
epoch  33 :
train_loss:  0.0022225992630689278
train_acc:  95484 / 124848  =  0.764801999231065
- - - - - - - - - - - - - - - - - -
valid_loss:  0.0036588998390408214
valid_acc:  20290 / 31212  =  0.6500704857106241
-----------------------------------
epoch  34 :
train_loss:  0.002214528761320002
train_acc:  95397 / 124848  =  0.7641051518646674
- - - - - - - - - - - - - - - - - -
valid_loss:  0.003672302909330055
valid_acc:  20332 / 31212  =  0.6514161220043573
-----------------------------------
epoch  35 :
train_loss:  0.00219722044409872
train_acc:  95645 / 124848  =  0.7660915673458926
- - - - - - - - - - - - - - - - - -
valid_loss:  0.003719415328036084
valid_acc:  20319 / 31212  =  0.6509996155324875
-----------------------------------
epoch  36 :
train_loss:  0.0023927213921312277
train_acc:  93076 / 124848  =  0.745514545687556
- - - - - - - - - - - - - - - - - -
valid_loss:  0.0035108517648683945
valid_acc:  20007 / 31212  =  0.6410034602076125
-----------------------------------
epoch  37 :
train_loss:  0.002578335666536567
train_acc:  90537 / 124848  =  0.725177816224529
- - - - - - - - - - - - - - - - - -
valid_loss:  0.003535200821792684
valid_acc:  20115 / 31212  =  0.6444636678200693
-----------------------------------
epoch  38 :
train_loss:  0.002373932425267388
train_acc:  93270 / 124848  =  0.7470684352172241
- - - - - - - - - - - - - - - - - -
valid_loss:  0.003564155319096659
valid_acc:  20147 / 31212  =  0.6454889145200564
-----------------------------------
epoch  39 :
train_loss:  0.0022872562658537753
train_acc:  94486 / 124848  =  0.7568082788671024
- - - - - - - - - - - - - - - - - -
valid_loss:  0.0036019308894288306
valid_acc:  20205 / 31212  =  0.6473471741637832
-----------------------------------
epoch  40 :
train_loss:  0.002237593453875432
train_acc:  95172 / 124848  =  0.7623029603998462
- - - - - - - - - - - - - - - - - -
valid_loss:  0.0036028909802390996
valid_acc:  20177 / 31212  =  0.6464500833012944
-----------------------------------
epoch  41 :
train_loss:  0.0022105700648508515
train_acc:  95435 / 124848  =  0.7644095219787261
- - - - - - - - - - - - - - - - - -
valid_loss:  0.003717194579510174
valid_acc:  20200 / 31212  =  0.6471869793669102
-----------------------------------
epoch  42 :
train_loss:  0.0022010153738845546
train_acc:  95615 / 124848  =  0.7658512751505832
- - - - - - - - - - - - - - - - - -
valid_loss:  0.0036864226561516625
valid_acc:  20182 / 31212  =  0.6466102780981674
-----------------------------------
epoch  43 :
train_loss:  0.0021762247752924843
train_acc:  95957 / 124848  =  0.7685906061771114
- - - - - - - - - - - - - - - - - -
valid_loss:  0.003669515320861491
valid_acc:  20299 / 31212  =  0.6503588363449955
-----------------------------------
epoch  44 :
train_loss:  0.002169199888482852
train_acc:  96116 / 124848  =  0.7698641548122517
- - - - - - - - - - - - - - - - - -
valid_loss:  0.0037190774900858546
valid_acc:  20111 / 31212  =  0.6443355119825708
-----------------------------------
epoch  45 :
train_loss:  0.002191122498840197
train_acc:  95501 / 124848  =  0.764938164808407
- - - - - - - - - - - - - - - - - -
valid_loss:  0.003719680044691669
valid_acc:  20161 / 31212  =  0.6459374599513008
-----------------------------------
epoch  46 :
train_loss:  0.002182953328698182
train_acc:  95796 / 124848  =  0.7673010380622838
- - - - - - - - - - - - - - - - - -
valid_loss:  0.003662001295271828
valid_acc:  20073 / 31212  =  0.6431180315263361
-----------------------------------
epoch  47 :
train_loss:  0.0021797177990163026
train_acc:  96018 / 124848  =  0.769079200307574
- - - - - - - - - - - - - - - - - -
valid_loss:  0.0037077454997838408
valid_acc:  20138 / 31212  =  0.645200563885685
-----------------------------------
epoch  48 :
train_loss:  0.0023057788348356057
train_acc:  94218 / 124848  =  0.7546616685890042
- - - - - - - - - - - - - - - - - -
valid_loss:  0.0036870949882185644
valid_acc:  20144 / 31212  =  0.6453927976419326
-----------------------------------
epoch  49 :
train_loss:  0.00224469341963098
train_acc:  95143 / 124848  =  0.7620706779443803
- - - - - - - - - - - - - - - - - -
valid_loss:  0.003658474515252246
valid_acc:  20078 / 31212  =  0.643278226323209
-----------------------------------
epoch  50 :
train_loss:  0.0021827728774598603
train_acc:  95936 / 124848  =  0.7684224016403948
- - - - - - - - - - - - - - - - - -
valid_loss:  0.0036833190248056237
valid_acc:  20218 / 31212  =  0.6477636806356529
-----------------------------------
epoch  51 :
train_loss:  0.002181051231660049
train_acc:  95966 / 124848  =  0.7686626938357042
- - - - - - - - - - - - - - - - - -
valid_loss:  0.003739120986054345
valid_acc:  20066 / 31212  =  0.6428937588107139
-----------------------------------
epoch  52 :
train_loss:  0.0022061588530294194
train_acc:  95456 / 124848  =  0.7645777265154428
- - - - - - - - - - - - - - - - - -
valid_loss:  0.003672705958718507
valid_acc:  20235 / 31212  =  0.6483083429450212
-----------------------------------
epoch  53 :
train_loss:  0.004664102546545109
train_acc:  66329 / 124848  =  0.5312780340894527
- - - - - - - - - - - - - - - - - -
valid_loss:  0.004724333057277679
valid_acc:  15922 / 31212  =  0.5101243111623734
-----------------------------------
epoch  54 :
train_loss:  0.004692238582818306
train_acc:  64691 / 124848  =  0.5181580802255543
- - - - - - - - - - - - - - - - - -
valid_loss:  0.004718824268135981
valid_acc:  16022 / 31212  =  0.5133282070998334
-----------------------------------
epoch  55 :
train_loss:  0.004673677583382739
train_acc:  64724 / 124848  =  0.5184224016403948
- - - - - - - - - - - - - - - - - -
valid_loss:  0.00468802937907652
valid_acc:  16039 / 31212  =  0.5138728694092016
-----------------------------------
epoch  56 :
train_loss:  0.00466438891313847
train_acc:  64860 / 124848  =  0.5195117262591311
- - - - - - - - - - - - - - - - - -
valid_loss:  0.00471836138685193
valid_acc:  16088 / 31212  =  0.515442778418557
-----------------------------------
epoch  57 :
train_loss:  0.004675243977482588
train_acc:  64843 / 124848  =  0.519375560681789
- - - - - - - - - - - - - - - - - -
valid_loss:  0.0046973263592532425
valid_acc:  16082 / 31212  =  0.5152505446623094
-----------------------------------
epoch  58 :
train_loss:  0.004665867024112417
train_acc:  64911 / 124848  =  0.5199202229911573
- - - - - - - - - - - - - - - - - -
valid_loss:  0.004690708822888105
valid_acc:  16074 / 31212  =  0.5149942329873126
-----------------------------------
epoch  59 :
train_loss:  0.0046651436475000675
train_acc:  64892 / 124848  =  0.5197680379341278
- - - - - - - - - - - - - - - - - -
valid_loss:  0.004718255388664922
valid_acc:  16065 / 31212  =  0.5147058823529411
-----------------------------------
epoch  60 :
train_loss:  0.004679075389141824
train_acc:  64796 / 124848  =  0.5189991029091375
- - - - - - - - - - - - - - - - - -
valid_loss:  0.004710817927506342
valid_acc:  16024 / 31212  =  0.5133922850185826
-----------------------------------
epoch  61 :
train_loss:  0.004673485707300192
train_acc:  64869 / 124848  =  0.5195838139177239
- - - - - - - - - - - - - - - - - -
valid_loss:  0.004694562267374109
valid_acc:  16065 / 31212  =  0.5147058823529411
-----------------------------------
epoch  62 :
train_loss:  0.004672016427598824
train_acc:  64886 / 124848  =  0.519719979495066
- - - - - - - - - - - - - - - - - -
valid_loss:  0.0046922920125425744
valid_acc:  16047 / 31212  =  0.5141291810841984
-----------------------------------
epoch  63 :
train_loss:  0.004679301774885262
train_acc:  64829 / 124848  =  0.519263424323978
- - - - - - - - - - - - - - - - - -
valid_loss:  0.004713012505903712
valid_acc:  16099 / 31212  =  0.5157952069716776
-----------------------------------
epoch  64 :
train_loss:  0.004693525934867121
train_acc:  64710 / 124848  =  0.5183102652825836
- - - - - - - - - - - - - - - - - -
valid_loss:  0.00470599827744419
valid_acc:  15969 / 31212  =  0.5116301422529796
-----------------------------------
epoch  65 :
train_loss:  0.004686640296000083
train_acc:  64756 / 124848  =  0.5186787133153915
- - - - - - - - - - - - - - - - - -
valid_loss:  0.004728680728384124
valid_acc:  15914 / 31212  =  0.5098679994873766
-----------------------------------
epoch  66 :
train_loss:  0.004672016567004791
train_acc:  64966 / 124848  =  0.520360758682558
- - - - - - - - - - - - - - - - - -
valid_loss:  0.004704120864810721
valid_acc:  16103 / 31212  =  0.515923362809176
-----------------------------------
epoch  67 :
train_loss:  0.004661975445410357
train_acc:  65070 / 124848  =  0.5211937716262975
- - - - - - - - - - - - - - - - - -
valid_loss:  0.004718973566198538
valid_acc:  16141 / 31212  =  0.5171408432654108
-----------------------------------
epoch  68 :
train_loss:  0.004744947880915185
train_acc:  64439 / 124848  =  0.5161396257849545
- - - - - - - - - - - - - - - - - -
valid_loss:  0.004805860260610594
valid_acc:  15953 / 31212  =  0.5111175189029861
-----------------------------------
epoch  69 :
train_loss:  0.004793677704847273
train_acc:  64177 / 124848  =  0.5140410739459182
- - - - - - - - - - - - - - - - - -
valid_loss:  0.0048167210090898265
valid_acc:  15959 / 31212  =  0.5113097526592336
-----------------------------------
epoch  70 :
train_loss:  0.0047773330349594025
train_acc:  64191 / 124848  =  0.5141532103037293
- - - - - - - - - - - - - - - - - -
valid_loss:  0.004792346952665193
valid_acc:  15938 / 31212  =  0.510636934512367
-----------------------------------
epoch  71 :
train_loss:  0.004762478603409847
train_acc:  64187 / 124848  =  0.5141211713443548
- - - - - - - - - - - - - - - - - -
valid_loss:  0.0047716856743759885
valid_acc:  15994 / 31212  =  0.5124311162373446
-----------------------------------
epoch  72 :
train_loss:  0.004742825724872949
train_acc:  64406 / 124848  =  0.5158753043701141
- - - - - - - - - - - - - - - - - -
valid_loss:  0.004734838416022428
valid_acc:  16079 / 31212  =  0.5151544277841855
-----------------------------------
epoch  73 :
train_loss:  0.004722453914482471
train_acc:  64808 / 124848  =  0.5190952197872614
- - - - - - - - - - - - - - - - - -
valid_loss:  0.004745046515411617
valid_acc:  16019 / 31212  =  0.5132320902217096
-----------------------------------
epoch  74 :
train_loss:  0.004797451252526661
train_acc:  64550 / 124848  =  0.5170287069075996
- - - - - - - - - - - - - - - - - -
valid_loss:  0.004810057216678753
valid_acc:  16033 / 31212  =  0.513680635652954
-----------------------------------
epoch  75 :
train_loss:  0.0048265634151157715
train_acc:  64588 / 124848  =  0.5173330770216583
- - - - - - - - - - - - - - - - - -
valid_loss:  0.004851511093678878
valid_acc:  16033 / 31212  =  0.513680635652954
-----------------------------------
epoch  76 :
train_loss:  0.004841431511314683
train_acc:  64484 / 124848  =  0.5165000640779187
- - - - - - - - - - - - - - - - - -
valid_loss:  0.0048460280354414385
valid_acc:  16016 / 31212  =  0.5131359733435858
-----------------------------------
epoch  77 :
train_loss:  0.004828023773790032
train_acc:  64475 / 124848  =  0.5164279764193259
- - - - - - - - - - - - - - - - - -
valid_loss:  0.004806215276049602
valid_acc:  16240 / 31212  =  0.5203127002434961
-----------------------------------
epoch  78 :
train_loss:  0.0048701574200699605
train_acc:  64206 / 124848  =  0.514273356401384
- - - - - - - - - - - - - - - - - -
valid_loss:  0.004956597176084576
valid_acc:  15894 / 31212  =  0.5092272202998847
-----------------------------------
epoch  79 :
train_loss:  0.0049544403938915306
train_acc:  63909 / 124848  =  0.5118944636678201
- - - - - - - - - - - - - - - - - -
valid_loss:  0.004992826010468036
valid_acc:  15888 / 31212  =  0.5090349865436371
-----------------------------------
epoch  80 :
train_loss:  0.004947322930538637
train_acc:  63889 / 124848  =  0.5117342688709471
- - - - - - - - - - - - - - - - - -
valid_loss:  0.004961609592135863
valid_acc:  15886 / 31212  =  0.5089709086248879
-----------------------------------
epoch  81 :
train_loss:  0.004951180427346064
train_acc:  63817 / 124848  =  0.5111575676022043
- - - - - - - - - - - - - - - - - -
valid_loss:  0.004949193863659108
valid_acc:  15877 / 31212  =  0.5086825579905164
-----------------------------------
epoch  82 :
train_loss:  0.004940282920568582
train_acc:  63775 / 124848  =  0.510821158528771
- - - - - - - - - - - - - - - - - -
valid_loss:  0.004971696744435081
valid_acc:  15899 / 31212  =  0.5093874150967577
-----------------------------------
epoch  83 :
train_loss:  0.004941993861470057
train_acc:  63811 / 124848  =  0.5111095091631424
- - - - - - - - - - - - - - - - - -
valid_loss:  0.0049684393616741965
valid_acc:  15887 / 31212  =  0.5090029475842625
-----------------------------------
epoch  84 :
train_loss:  0.004969035637282445
train_acc:  63820 / 124848  =  0.5111815968217353
- - - - - - - - - - - - - - - - - -
valid_loss:  0.00500745997816328
valid_acc:  15846 / 31212  =  0.5076893502499039
-----------------------------------
epoch  85 :
train_loss:  0.005003721103421636
train_acc:  63356 / 124848  =  0.5074650775342817
- - - - - - - - - - - - - - - - - -
valid_loss:  0.004921302506820706
valid_acc:  15910 / 31212  =  0.5097398436498782
-----------------------------------
epoch  86 :
train_loss:  0.004911069032680861
train_acc:  63673 / 124848  =  0.5100041650647187
- - - - - - - - - - - - - - - - - -
valid_loss:  0.004922615542986845
valid_acc:  15890 / 31212  =  0.5090990644623863
-----------------------------------
epoch  87 :
train_loss:  0.004933065431524084
train_acc:  63798 / 124848  =  0.5110053825451749
- - - - - - - - - - - - - - - - - -
valid_loss:  0.004947586176747712
valid_acc:  15856 / 31212  =  0.5080097398436498
-----------------------------------
epoch  88 :
train_loss:  0.004948303371755707
train_acc:  63645 / 124848  =  0.5097798923490965
- - - - - - - - - - - - - - - - - -
valid_loss:  0.004944841464207782
valid_acc:  15783 / 31212  =  0.5056708958093041
-----------------------------------
epoch  89 :
train_loss:  0.004916020323989423
train_acc:  63801 / 124848  =  0.5110294117647058
- - - - - - - - - - - - - - - - - -
valid_loss:  0.004885849663344435
valid_acc:  15932 / 31212  =  0.5104447007561195
-----------------------------------
epoch  90 :
train_loss:  0.004914078116225964
train_acc:  63935 / 124848  =  0.512102716903755
- - - - - - - - - - - - - - - - - -
valid_loss:  0.005030001140199959
valid_acc:  15812 / 31212  =  0.5066000256311675
-----------------------------------
epoch  91 :
train_loss:  0.0049851048295198154
train_acc:  63618 / 124848  =  0.509563629373318
- - - - - - - - - - - - - - - - - -
valid_loss:  0.004965103869558557
valid_acc:  15859 / 31212  =  0.5081058567217737
-----------------------------------
epoch  92 :
train_loss:  0.004958754800442441
train_acc:  63786 / 124848  =  0.5109092656670511
- - - - - - - - - - - - - - - - - -
valid_loss:  0.004949424914728292
valid_acc:  15857 / 31212  =  0.5080417788030245
-----------------------------------
epoch  93 :
train_loss:  0.0049670819734039025
train_acc:  63747 / 124848  =  0.5105968858131488
- - - - - - - - - - - - - - - - - -
valid_loss:  0.004984523372956916
valid_acc:  15546 / 31212  =  0.49807766243752405
-----------------------------------
epoch  94 :
train_loss:  0.004963523197805028
train_acc:  63652 / 124848  =  0.5098359605280021
- - - - - - - - - - - - - - - - - -
valid_loss:  0.004952822303093658
valid_acc:  15808 / 31212  =  0.5064718697936691
-----------------------------------
epoch  95 :
train_loss:  0.00495522335987129
train_acc:  63781 / 124848  =  0.5108692169678329
- - - - - - - - - - - - - - - - - -
valid_loss:  0.00495132955162858
valid_acc:  15818 / 31212  =  0.5067922593874151
-----------------------------------
epoch  96 :
train_loss:  0.0049303432760155535
train_acc:  63789 / 124848  =  0.5109332948865821
- - - - - - - - - - - - - - - - - -
valid_loss:  0.004949755937063463
valid_acc:  15855 / 31212  =  0.5079777008842753
-----------------------------------
epoch  97 :
train_loss:  0.0049382076717700224
train_acc:  63695 / 124848  =  0.510180379341279
- - - - - - - - - - - - - - - - - -
valid_loss:  0.004919555597269854
valid_acc:  15845 / 31212  =  0.5076573112905293
-----------------------------------
epoch  98 :
train_loss:  0.0049190677565885445
train_acc:  63731 / 124848  =  0.5104687299756504
- - - - - - - - - - - - - - - - - -
valid_loss:  0.004910985510364245
valid_acc:  15902 / 31212  =  0.5094835319748815
-----------------------------------
epoch  99 :
train_loss:  0.00490797420205267
train_acc:  63955 / 124848  =  0.512262911700628
- - - - - - - - - - - - - - - - - -
valid_loss:  0.0050405976437122935
valid_acc:  15802 / 31212  =  0.5062796360374215
-----------------------------------
