124848 31212
epoch  0 :
train_loss:  0.0040165336572725195
train_acc:  72555 / 124848  =  0.581146674356017
- - - - - - - - - - - - - - - - - -
valid_loss:  0.0038455068400528557
valid_acc:  18545 / 31212  =  0.594162501601948
-----------------------------------
epoch  1 :
train_loss:  0.003745845843053515
train_acc:  75487 / 124848  =  0.6046312315775983
- - - - - - - - - - - - - - - - - -
valid_loss:  0.003766430309609268
valid_acc:  18762 / 31212  =  0.6011149557862361
-----------------------------------
epoch  2 :
train_loss:  0.0036799610152842524
train_acc:  76468 / 124848  =  0.6124887863642189
- - - - - - - - - - - - - - - - - -
valid_loss:  0.003748622283818828
valid_acc:  18911 / 31212  =  0.6058887607330514
-----------------------------------
epoch  3 :
train_loss:  0.003634186644180148
train_acc:  76937 / 124848  =  0.6162453543508907
- - - - - - - - - - - - - - - - - -
valid_loss:  0.0037486356954368034
valid_acc:  18875 / 31212  =  0.6047353581955658
-----------------------------------
epoch  4 :
train_loss:  0.003613492120909535
train_acc:  77160 / 124848  =  0.6180315263360247
- - - - - - - - - - - - - - - - - -
valid_loss:  0.003733269833042639
valid_acc:  19023 / 31212  =  0.6094771241830066
-----------------------------------
epoch  5 :
train_loss:  0.0035886039510302464
train_acc:  77317 / 124848  =  0.6192890554914776
- - - - - - - - - - - - - - - - - -
valid_loss:  0.003716949398786796
valid_acc:  18988 / 31212  =  0.6083557606048956
-----------------------------------
epoch  6 :
train_loss:  0.003568854070288026
train_acc:  77906 / 124848  =  0.6240067922593874
- - - - - - - - - - - - - - - - - -
valid_loss:  0.0037161777714773674
valid_acc:  18928 / 31212  =  0.6064334230424195
-----------------------------------
epoch  7 :
train_loss:  0.0035588191775622986
train_acc:  77965 / 124848  =  0.6244793669101627
- - - - - - - - - - - - - - - - - -
valid_loss:  0.0037059622854815526
valid_acc:  19107 / 31212  =  0.6121683967704729
-----------------------------------
epoch  8 :
train_loss:  0.0035453201396318944
train_acc:  77989 / 124848  =  0.6246716006664104
- - - - - - - - - - - - - - - - - -
valid_loss:  0.0036994388462350445
valid_acc:  19032 / 31212  =  0.609765474817378
-----------------------------------
epoch  9 :
train_loss:  0.0035384682021575844
train_acc:  78220 / 124848  =  0.6265218505702935
- - - - - - - - - - - - - - - - - -
valid_loss:  0.0036817116358028716
valid_acc:  19139 / 31212  =  0.6131936434704601
-----------------------------------
epoch  10 :
train_loss:  0.003526829224636994
train_acc:  78412 / 124848  =  0.6280597206202743
- - - - - - - - - - - - - - - - - -
valid_loss:  0.003726083273981132
valid_acc:  18991 / 31212  =  0.6084518774830193
-----------------------------------
epoch  11 :
train_loss:  0.0035236030053163543
train_acc:  78419 / 124848  =  0.6281157887991798
- - - - - - - - - - - - - - - - - -
valid_loss:  0.003683605639656186
valid_acc:  19084 / 31212  =  0.6114315007048571
-----------------------------------
epoch  12 :
train_loss:  0.0035182415062183755
train_acc:  78465 / 124848  =  0.6284842368319877
- - - - - - - - - - - - - - - - - -
valid_loss:  0.003689201628185611
valid_acc:  19153 / 31212  =  0.6136421889017045
-----------------------------------
epoch  13 :
train_loss:  0.0035103153827426284
train_acc:  78595 / 124848  =  0.6295255030116622
- - - - - - - - - - - - - - - - - -
valid_loss:  0.003720619321999971
valid_acc:  18936 / 31212  =  0.6066897347174164
-----------------------------------
epoch  14 :
train_loss:  0.0035054705145228264
train_acc:  78513 / 124848  =  0.6288687043444829
- - - - - - - - - - - - - - - - - -
valid_loss:  0.0036939211255630497
valid_acc:  19147 / 31212  =  0.6134499551454569
-----------------------------------
epoch  15 :
train_loss:  0.0035022631622721994
train_acc:  78746 / 124848  =  0.6307349737280533
- - - - - - - - - - - - - - - - - -
valid_loss:  0.0037260091749350415
valid_acc:  18802 / 31212  =  0.6023965141612201
-----------------------------------
epoch  16 :
train_loss:  0.003498757200051344
train_acc:  78639 / 124848  =  0.6298779315647828
- - - - - - - - - - - - - - - - - -
valid_loss:  0.0037151333725209514
valid_acc:  19002 / 31212  =  0.60880430603614
-----------------------------------
epoch  17 :
train_loss:  0.003495343440555692
train_acc:  78710 / 124848  =  0.6304466230936819
- - - - - - - - - - - - - - - - - -
valid_loss:  0.0037066467210419376
valid_acc:  19085 / 31212  =  0.6114635396642317
-----------------------------------
epoch  18 :
train_loss:  0.0034928057983939684
train_acc:  78779 / 124848  =  0.6309992951428938
- - - - - - - - - - - - - - - - - -
valid_loss:  0.0037211759280168476
valid_acc:  19103 / 31212  =  0.6120402409329745
-----------------------------------
epoch  19 :
train_loss:  0.0034887747674145395
train_acc:  78844 / 124848  =  0.631519928232731
- - - - - - - - - - - - - - - - - -
valid_loss:  0.003729284466588618
valid_acc:  19027 / 31212  =  0.609605280020505
-----------------------------------
epoch  20 :
train_loss:  0.003481066102448693
train_acc:  79062 / 124848  =  0.6332660515186467
- - - - - - - - - - - - - - - - - -
valid_loss:  0.0037064876263682147
valid_acc:  19054 / 31212  =  0.6104703319236191
-----------------------------------
epoch  21 :
train_loss:  0.0034785615248044883
train_acc:  78920 / 124848  =  0.6321286684608484
- - - - - - - - - - - - - - - - - -
valid_loss:  0.00368473150516861
valid_acc:  19140 / 31212  =  0.6132256824298347
-----------------------------------
epoch  22 :
train_loss:  0.0034773327313782727
train_acc:  79071 / 124848  =  0.6333381391772396
- - - - - - - - - - - - - - - - - -
valid_loss:  0.003676499789011382
valid_acc:  19272 / 31212  =  0.6174548250672818
-----------------------------------
epoch  23 :
train_loss:  0.003480586272836358
train_acc:  79048 / 124848  =  0.6331539151608355
- - - - - - - - - - - - - - - - - -
valid_loss:  0.003680231633300004
valid_acc:  19187 / 31212  =  0.6147315135204409
-----------------------------------
epoch  24 :
train_loss:  0.003472434585253031
train_acc:  79128 / 124848  =  0.6337946943483276
- - - - - - - - - - - - - - - - - -
valid_loss:  0.00373124362268036
valid_acc:  19089 / 31212  =  0.6115916955017301
-----------------------------------
epoch  25 :
train_loss:  0.003478772073648044
train_acc:  78956 / 124848  =  0.6324170190952197
- - - - - - - - - - - - - - - - - -
valid_loss:  0.0037203487311970283
valid_acc:  18989 / 31212  =  0.6083877995642701
-----------------------------------
epoch  26 :
train_loss:  0.003482185367184023
train_acc:  78900 / 124848  =  0.6319684736639753
- - - - - - - - - - - - - - - - - -
valid_loss:  0.003693856527129152
valid_acc:  19134 / 31212  =  0.6130334486735871
-----------------------------------
epoch  27 :
train_loss:  0.0034712087064618625
train_acc:  79055 / 124848  =  0.6332099833397411
- - - - - - - - - - - - - - - - - -
valid_loss:  0.0036695030244912577
valid_acc:  19147 / 31212  =  0.6134499551454569
-----------------------------------
epoch  28 :
train_loss:  0.0034753573311493515
train_acc:  79034 / 124848  =  0.6330417788030245
- - - - - - - - - - - - - - - - - -
valid_loss:  0.003724208009727304
valid_acc:  18899 / 31212  =  0.6055042932205562
-----------------------------------
epoch  29 :
train_loss:  0.0034741098606653675
train_acc:  79013 / 124848  =  0.6328735742663079
- - - - - - - - - - - - - - - - - -
valid_loss:  0.003701807916981737
valid_acc:  19081 / 31212  =  0.6113353838267334
-----------------------------------
epoch  30 :
train_loss:  0.003467828259263515
train_acc:  79113 / 124848  =  0.6336745482506728
- - - - - - - - - - - - - - - - - -
valid_loss:  0.003707139771305169
valid_acc:  19071 / 31212  =  0.6110149942329873
-----------------------------------
epoch  31 :
train_loss:  0.0034622438509777755
train_acc:  79188 / 124848  =  0.6342752787389465
- - - - - - - - - - - - - - - - - -
valid_loss:  0.0036863287194453796
valid_acc:  19152 / 31212  =  0.6136101499423299
-----------------------------------
epoch  32 :
train_loss:  0.0034630399846150664
train_acc:  79187 / 124848  =  0.6342672689991029
- - - - - - - - - - - - - - - - - -
valid_loss:  0.0037512434673938754
valid_acc:  18977 / 31212  =  0.6080033320517749
-----------------------------------
epoch  33 :
train_loss:  0.0034702162023318144
train_acc:  79160 / 124848  =  0.6340510060233243
- - - - - - - - - - - - - - - - - -
valid_loss:  0.0037069927056477677
valid_acc:  19074 / 31212  =  0.6111111111111112
-----------------------------------
epoch  34 :
train_loss:  0.003465992165699565
train_acc:  79071 / 124848  =  0.6333381391772396
- - - - - - - - - - - - - - - - - -
valid_loss:  0.0036799836071671455
valid_acc:  19193 / 31212  =  0.6149237472766884
-----------------------------------
epoch  35 :
train_loss:  0.0034584536237562678
train_acc:  79225 / 124848  =  0.6345716391131616
- - - - - - - - - - - - - - - - - -
valid_loss:  0.0036740474852631983
valid_acc:  19188 / 31212  =  0.6147635524798154
-----------------------------------
epoch  36 :
train_loss:  0.0034589946707303627
train_acc:  79228 / 124848  =  0.6345956683326925
- - - - - - - - - - - - - - - - - -
valid_loss:  0.0036904398854628565
valid_acc:  19074 / 31212  =  0.6111111111111112
-----------------------------------
epoch  37 :
train_loss:  0.0034535413957186025
train_acc:  79388 / 124848  =  0.6358772267076765
- - - - - - - - - - - - - - - - - -
valid_loss:  0.0036960535174407334
valid_acc:  19121 / 31212  =  0.6126169422017173
-----------------------------------
epoch  38 :
train_loss:  0.0034555013763107093
train_acc:  79312 / 124848  =  0.6352684864795591
- - - - - - - - - - - - - - - - - -
valid_loss:  0.0036953521602874563
valid_acc:  19037 / 31212  =  0.6099256696142509
-----------------------------------
epoch  39 :
train_loss:  0.003457549574622493
train_acc:  79147 / 124848  =  0.6339468794053569
- - - - - - - - - - - - - - - - - -
valid_loss:  0.0036839259105447956
valid_acc:  19170 / 31212  =  0.6141868512110726
-----------------------------------
epoch  40 :
train_loss:  0.003457254363866276
train_acc:  79230 / 124848  =  0.6346116878123799
- - - - - - - - - - - - - - - - - -
valid_loss:  0.0037044107829945433
valid_acc:  19051 / 31212  =  0.6103742150454953
-----------------------------------
epoch  41 :
train_loss:  0.0034574972782878406
train_acc:  79163 / 124848  =  0.6340750352428554
- - - - - - - - - - - - - - - - - -
valid_loss:  0.0036959297516766716
valid_acc:  19090 / 31212  =  0.6116237344611047
-----------------------------------
epoch  42 :
train_loss:  0.0034517752032669235
train_acc:  79538 / 124848  =  0.637078687684224
- - - - - - - - - - - - - - - - - -
valid_loss:  0.0036924065790252167
valid_acc:  19187 / 31212  =  0.6147315135204409
-----------------------------------
epoch  43 :
train_loss:  0.0034555984358061557
train_acc:  79430 / 124848  =  0.6362136357811098
- - - - - - - - - - - - - - - - - -
valid_loss:  0.0036691670160056474
valid_acc:  19189 / 31212  =  0.61479559143919
-----------------------------------
epoch  44 :
train_loss:  0.0034587455909366443
train_acc:  79245 / 124848  =  0.6347318339100346
- - - - - - - - - - - - - - - - - -
valid_loss:  0.0036874604132730625
valid_acc:  19173 / 31212  =  0.6142829680891965
-----------------------------------
epoch  45 :
train_loss:  0.0034582852576308474
train_acc:  79219 / 124848  =  0.6345235806740998
- - - - - - - - - - - - - - - - - -
valid_loss:  0.0037094555125853105
valid_acc:  18997 / 31212  =  0.608644111239267
-----------------------------------
epoch  46 :
train_loss:  0.0034468038312925613
train_acc:  79388 / 124848  =  0.6358772267076765
- - - - - - - - - - - - - - - - - -
valid_loss:  0.0036885459694543984
valid_acc:  19117 / 31212  =  0.6124887863642189
-----------------------------------
epoch  47 :
train_loss:  0.00344796196785429
train_acc:  79354 / 124848  =  0.6356048955529925
- - - - - - - - - - - - - - - - - -
valid_loss:  0.0037103731132204464
valid_acc:  19010 / 31212  =  0.6090606177111367
-----------------------------------
epoch  48 :
train_loss:  0.003453072689461216
train_acc:  79309 / 124848  =  0.6352444572600282
- - - - - - - - - - - - - - - - - -
valid_loss:  0.0037070171914466692
valid_acc:  19148 / 31212  =  0.6134819941048315
-----------------------------------
epoch  49 :
train_loss:  0.0034519381569079
train_acc:  79399 / 124848  =  0.6359653338459567
- - - - - - - - - - - - - - - - - -
valid_loss:  0.003696556622120687
valid_acc:  19136 / 31212  =  0.6130975265923363
-----------------------------------
epoch  50 :
train_loss:  0.0034482369561516504
train_acc:  79478 / 124848  =  0.636598103293605
- - - - - - - - - - - - - - - - - -
valid_loss:  0.0037149397261735796
valid_acc:  18980 / 31212  =  0.6080994489298988
-----------------------------------
epoch  51 :
train_loss:  0.0034463979054624783
train_acc:  79434 / 124848  =  0.6362456747404844
- - - - - - - - - - - - - - - - - -
valid_loss:  0.0036727786866209682
valid_acc:  19233 / 31212  =  0.6162053056516724
-----------------------------------
epoch  52 :
train_loss:  0.003444912671893892
train_acc:  79465 / 124848  =  0.6364939766756376
- - - - - - - - - - - - - - - - - -
valid_loss:  0.003677132546970451
valid_acc:  19232 / 31212  =  0.6161732666922979
-----------------------------------
epoch  53 :
train_loss:  0.0034476859287605765
train_acc:  79414 / 124848  =  0.6360854799436114
- - - - - - - - - - - - - - - - - -
valid_loss:  0.003727355301876672
valid_acc:  19068 / 31212  =  0.6109188773548635
-----------------------------------
epoch  54 :
train_loss:  0.003450880612255166
train_acc:  79288 / 124848  =  0.6350762527233116
- - - - - - - - - - - - - - - - - -
valid_loss:  0.003685749531571382
valid_acc:  19126 / 31212  =  0.6127771369985903
-----------------------------------
epoch  55 :
train_loss:  0.0034453961179452906
train_acc:  79556 / 124848  =  0.6372228630014097
- - - - - - - - - - - - - - - - - -
valid_loss:  0.003722241673273382
valid_acc:  19145 / 31212  =  0.6133858772267077
-----------------------------------
epoch  56 :
train_loss:  0.0034416689513952752
train_acc:  79420 / 124848  =  0.6361335383826733
- - - - - - - - - - - - - - - - - -
valid_loss:  0.0036898961009756807
valid_acc:  19104 / 31212  =  0.6120722798923491
-----------------------------------
epoch  57 :
train_loss:  0.0034474940307168155
train_acc:  79282 / 124848  =  0.6350281942842496
- - - - - - - - - - - - - - - - - -
valid_loss:  0.0036980197144886873
valid_acc:  19116 / 31212  =  0.6124567474048442
-----------------------------------
epoch  58 :
train_loss:  0.00344415324690341
train_acc:  79616 / 124848  =  0.6377034473920287
- - - - - - - - - - - - - - - - - -
valid_loss:  0.003694571918453083
valid_acc:  19095 / 31212  =  0.6117839292579778
-----------------------------------
epoch  59 :
train_loss:  0.0034465896469132343
train_acc:  79208 / 124848  =  0.6344354735358195
- - - - - - - - - - - - - - - - - -
valid_loss:  0.003679120380588484
valid_acc:  19159 / 31212  =  0.6138344226579521
-----------------------------------
epoch  60 :
train_loss:  0.003443058668959833
train_acc:  79410 / 124848  =  0.6360534409842369
- - - - - - - - - - - - - - - - - -
valid_loss:  0.003693649994323273
valid_acc:  19132 / 31212  =  0.6129693707548379
-----------------------------------
epoch  61 :
train_loss:  0.003449841076752841
train_acc:  79303 / 124848  =  0.6351963988209663
- - - - - - - - - - - - - - - - - -
valid_loss:  0.0037109223230823436
valid_acc:  18959 / 31212  =  0.6074266307830322
-----------------------------------
epoch  62 :
train_loss:  0.003443580466452339
train_acc:  79419 / 124848  =  0.6361255286428297
- - - - - - - - - - - - - - - - - -
valid_loss:  0.003731809687296672
valid_acc:  19026 / 31212  =  0.6095732410611303
-----------------------------------
epoch  63 :
train_loss:  0.0034349537998204904
train_acc:  79577 / 124848  =  0.6373910675381264
- - - - - - - - - - - - - - - - - -
valid_loss:  0.00369461935849491
valid_acc:  19088 / 31212  =  0.6115596565423556
-----------------------------------
epoch  64 :
train_loss:  0.0034428522779470097
train_acc:  79470 / 124848  =  0.6365340253748558
- - - - - - - - - - - - - - - - - -
valid_loss:  0.0037184184951597676
valid_acc:  18951 / 31212  =  0.6071703191080353
-----------------------------------
epoch  65 :
train_loss:  0.0034434408031563477
train_acc:  79320 / 124848  =  0.6353325643983083
- - - - - - - - - - - - - - - - - -
valid_loss:  0.003689481457975848
valid_acc:  19117 / 31212  =  0.6124887863642189
-----------------------------------
epoch  66 :
train_loss:  0.003438623069926254
train_acc:  79558 / 124848  =  0.6372388824810971
- - - - - - - - - - - - - - - - - -
valid_loss:  0.00374802155294862
valid_acc:  19008 / 31212  =  0.6089965397923875
-----------------------------------
epoch  67 :
train_loss:  0.003441696387635551
train_acc:  79314 / 124848  =  0.6352845059592465
- - - - - - - - - - - - - - - - - -
valid_loss:  0.0036937499980536637
valid_acc:  19134 / 31212  =  0.6130334486735871
-----------------------------------
epoch  68 :
train_loss:  0.0034440359148202484
train_acc:  79293 / 124848  =  0.6351163014225298
- - - - - - - - - - - - - - - - - -
valid_loss:  0.0037104306802464865
valid_acc:  19007 / 31212  =  0.6089645008330129
-----------------------------------
epoch  69 :
train_loss:  0.0034416136186840624
train_acc:  79520 / 124848  =  0.6369345123670384
- - - - - - - - - - - - - - - - - -
valid_loss:  0.0037056763943962207
valid_acc:  19089 / 31212  =  0.6115916955017301
-----------------------------------
epoch  70 :
train_loss:  0.003440748449970205
train_acc:  79387 / 124848  =  0.6358692169678329
- - - - - - - - - - - - - - - - - -
valid_loss:  0.0036783366555145853
valid_acc:  19179 / 31212  =  0.614475201845444
-----------------------------------
epoch  71 :
train_loss:  0.0034388427278994904
train_acc:  79491 / 124848  =  0.6367022299115724
- - - - - - - - - - - - - - - - - -
valid_loss:  0.003711466993656767
valid_acc:  19084 / 31212  =  0.6114315007048571
-----------------------------------
epoch  72 :
train_loss:  0.003436060121284606
train_acc:  79619 / 124848  =  0.6377274766115597
- - - - - - - - - - - - - - - - - -
valid_loss:  0.003699270273865178
valid_acc:  19055 / 31212  =  0.6105023708829938
-----------------------------------
epoch  73 :
train_loss:  0.0034368783431291184
train_acc:  79401 / 124848  =  0.635981353325644
- - - - - - - - - - - - - - - - - -
valid_loss:  0.0037125922977259782
valid_acc:  19123 / 31212  =  0.6126810201204664
-----------------------------------
epoch  74 :
train_loss:  0.0034419330937173693
train_acc:  79313 / 124848  =  0.6352764962194027
- - - - - - - - - - - - - - - - - -
valid_loss:  0.00373341460900476
valid_acc:  19151 / 31212  =  0.6135781109829552
-----------------------------------
epoch  75 :
train_loss:  0.003439745815514021
train_acc:  79539 / 124848  =  0.6370866974240676
- - - - - - - - - - - - - - - - - -
valid_loss:  0.0037065305500386175
valid_acc:  19051 / 31212  =  0.6103742150454953
-----------------------------------
epoch  76 :
train_loss:  0.003446224861121034
train_acc:  79161 / 124848  =  0.634059015763168
- - - - - - - - - - - - - - - - - -
valid_loss:  0.0037122315609132758
valid_acc:  19183 / 31212  =  0.6146033576829425
-----------------------------------
epoch  77 :
train_loss:  0.0034411716406565055
train_acc:  79510 / 124848  =  0.6368544149686018
- - - - - - - - - - - - - - - - - -
valid_loss:  0.003674049878080701
valid_acc:  19159 / 31212  =  0.6138344226579521
-----------------------------------
epoch  78 :
train_loss:  0.003436630561911539
train_acc:  79524 / 124848  =  0.6369665513264129
- - - - - - - - - - - - - - - - - -
valid_loss:  0.0036902355564170717
valid_acc:  19242 / 31212  =  0.6164936562860438
-----------------------------------
epoch  79 :
train_loss:  0.0034353585292418217
train_acc:  79531 / 124848  =  0.6370226195053185
- - - - - - - - - - - - - - - - - -
valid_loss:  0.0037105539552251543
valid_acc:  19073 / 31212  =  0.6110790721517365
-----------------------------------
epoch  80 :
train_loss:  0.003430325745596697
train_acc:  79547 / 124848  =  0.6371507753428168
- - - - - - - - - - - - - - - - - -
valid_loss:  0.0036858000824669303
valid_acc:  19266 / 31212  =  0.6172625913110342
-----------------------------------
epoch  81 :
train_loss:  0.0034345277312603055
train_acc:  79724 / 124848  =  0.6385684992951429
- - - - - - - - - - - - - - - - - -
valid_loss:  0.0036857958640041494
valid_acc:  19170 / 31212  =  0.6141868512110726
-----------------------------------
epoch  82 :
train_loss:  0.00343524723887963
train_acc:  79521 / 124848  =  0.636942522106882
- - - - - - - - - - - - - - - - - -
valid_loss:  0.003679416914269143
valid_acc:  19237 / 31212  =  0.6163334614891708
-----------------------------------
epoch  83 :
train_loss:  0.0034315237298265995
train_acc:  79586 / 124848  =  0.6374631551967193
- - - - - - - - - - - - - - - - - -
valid_loss:  0.003712457952385726
valid_acc:  18941 / 31212  =  0.6068499295142894
-----------------------------------
epoch  84 :
train_loss:  0.0034375141431937594
train_acc:  79446 / 124848  =  0.6363417916186083
- - - - - - - - - - - - - - - - - -
valid_loss:  0.0036990283777755635
valid_acc:  19189 / 31212  =  0.61479559143919
-----------------------------------
epoch  85 :
train_loss:  0.003431398352300389
train_acc:  79513 / 124848  =  0.6368784441881328
- - - - - - - - - - - - - - - - - -
valid_loss:  0.003689596954865378
valid_acc:  19127 / 31212  =  0.6128091759579649
-----------------------------------
epoch  86 :
train_loss:  0.0034315790128863714
train_acc:  79420 / 124848  =  0.6361335383826733
- - - - - - - - - - - - - - - - - -
valid_loss:  0.0036994905161976768
valid_acc:  19149 / 31212  =  0.613514033064206
-----------------------------------
epoch  87 :
train_loss:  0.0034249217405688008
train_acc:  79606 / 124848  =  0.6376233499935922
- - - - - - - - - - - - - - - - - -
valid_loss:  0.003711290381572865
valid_acc:  19109 / 31212  =  0.612232474689222
-----------------------------------
epoch  88 :
train_loss:  0.003429753941942236
train_acc:  79447 / 124848  =  0.6363498013584519
- - - - - - - - - - - - - - - - - -
valid_loss:  0.0037117599829884352
valid_acc:  19037 / 31212  =  0.6099256696142509
-----------------------------------
epoch  89 :
train_loss:  0.0034351620441688173
train_acc:  79506 / 124848  =  0.6368223760092272
- - - - - - - - - - - - - - - - - -
valid_loss:  0.003687574884669377
valid_acc:  19209 / 31212  =  0.615436370626682
-----------------------------------
epoch  90 :
train_loss:  0.003431740471255118
train_acc:  79556 / 124848  =  0.6372228630014097
- - - - - - - - - - - - - - - - - -
valid_loss:  0.0036798288780008543
valid_acc:  19177 / 31212  =  0.6144111239266948
-----------------------------------
epoch  91 :
train_loss:  0.0034319370685212815
train_acc:  79693 / 124848  =  0.6383201973599898
- - - - - - - - - - - - - - - - - -
valid_loss:  0.0037010548249370207
valid_acc:  19136 / 31212  =  0.6130975265923363
-----------------------------------
epoch  92 :
train_loss:  0.0034286255828771747
train_acc:  79567 / 124848  =  0.6373109701396898
- - - - - - - - - - - - - - - - - -
valid_loss:  0.003737391666481163
valid_acc:  18857 / 31212  =  0.604158656926823
-----------------------------------
epoch  93 :
train_loss:  0.003428029051850457
train_acc:  79572 / 124848  =  0.6373510188389081
- - - - - - - - - - - - - - - - - -
valid_loss:  0.003682841675855648
valid_acc:  19173 / 31212  =  0.6142829680891965
-----------------------------------
epoch  94 :
train_loss:  0.0034312802826068837
train_acc:  79662 / 124848  =  0.6380718954248366
- - - - - - - - - - - - - - - - - -
valid_loss:  0.003706706936781366
valid_acc:  19099 / 31212  =  0.6119120850954761
-----------------------------------
epoch  95 :
train_loss:  0.0034296280235017735
train_acc:  79670 / 124848  =  0.6381359733435858
- - - - - - - - - - - - - - - - - -
valid_loss:  0.003710430565666239
valid_acc:  19136 / 31212  =  0.6130975265923363
-----------------------------------
epoch  96 :
train_loss:  0.003426406184488514
train_acc:  79864 / 124848  =  0.6396898628732539
- - - - - - - - - - - - - - - - - -
valid_loss:  0.0037405055699463946
valid_acc:  19068 / 31212  =  0.6109188773548635
-----------------------------------
epoch  97 :
train_loss:  0.003429206025882301
train_acc:  79592 / 124848  =  0.6375112136357811
- - - - - - - - - - - - - - - - - -
valid_loss:  0.0037129025237462193
valid_acc:  19166 / 31212  =  0.6140586953735743
-----------------------------------
epoch  98 :
train_loss:  0.0034262819355777422
train_acc:  79708 / 124848  =  0.6384403434576444
- - - - - - - - - - - - - - - - - -
valid_loss:  0.0036772038101554145
valid_acc:  19248 / 31212  =  0.6166858900422915
-----------------------------------
epoch  99 :
train_loss:  0.0034297998585441883
train_acc:  79625 / 124848  =  0.6377755350506216
- - - - - - - - - - - - - - - - - -
valid_loss:  0.0037012223603556465
valid_acc:  19133 / 31212  =  0.6130014097142125
-----------------------------------
epoch  100 :
train_loss:  0.0034294291303338994
train_acc:  79666 / 124848  =  0.6381039343842112
- - - - - - - - - - - - - - - - - -
valid_loss:  0.0036949954872542005
valid_acc:  19155 / 31212  =  0.6137062668204537
-----------------------------------
